This is pdfTeX, Version 3.141592653-2.6-1.40.26 (TeX Live 2024) (preloaded format=latex 2025.2.21)  25 FEB 2025 16:44
entering extended mode
 restricted \write18 enabled.
 %&-line parsing enabled.
**fontsetup.tex
(./fontsetup.tex
LaTeX2e <2024-11-01> patch level 2
L3 programming layer <2025-01-18>
! Undefined control sequence.
l.5 \setCJKsansfont
                   {[simhei]}
? x
 
Here is how much of TeX's memory you used:
 14 strings out of 473260
 352 string characters out of 5711446
 391840 words of memory out of 5000000
 23362 multiletter control sequences out of 15000+600000
 558837 words of font info for 36 fonts, out of 8000000 for 9000
 1111 hyphenation exceptions out of 8191
 12i,0n,13p,146b,8s stack positions out of 10000i,1000n,20000p,200000b,200000s
No pages of output.
